c:\users\administrator\desktop\鼠标操作 窗口\draw\x64\debug\vc120.pdb
c:\users\administrator\desktop\鼠标操作 窗口\draw\x64\debug\draw.pch
c:\users\administrator\desktop\鼠标操作 窗口\draw\x64\debug\vc120.idb
c:\users\administrator\desktop\鼠标操作 窗口\draw\x64\debug\stdafx.obj
c:\users\administrator\desktop\鼠标操作 窗口\draw\x64\debug\cpen.obj
c:\users\administrator\desktop\鼠标操作 窗口\draw\x64\debug\draw.obj
c:\users\administrator\desktop\鼠标操作 窗口\draw\x64\debug\drawdoc.obj
c:\users\administrator\desktop\鼠标操作 窗口\draw\x64\debug\drawview.obj
c:\users\administrator\desktop\鼠标操作 窗口\draw\x64\debug\mainfrm.obj
e:\temporary\实验三\mydraw\draw\x64\debug\draw.pch
e:\temporary\实验三\mydraw\draw\x64\debug\vc120.pdb
e:\temporary\实验三\mydraw\draw\x64\debug\vc120.idb
e:\temporary\实验三\mydraw\draw\x64\debug\stdafx.obj
e:\temporary\实验三\mydraw\draw\x64\debug\draw.obj
e:\temporary\实验三\mydraw\draw\x64\debug\drawdoc.obj
e:\temporary\实验三\mydraw\draw\x64\debug\drawview.obj
e:\temporary\实验三\mydraw\draw\x64\debug\mainfrm.obj
e:\temporary\实验三\mydraw\draw\x64\debug\cpen.obj
c:\users\administrator\desktop\鼠标操作 窗口\x64\debug\draw.ilk
c:\users\administrator\desktop\鼠标操作 窗口\x64\debug\draw.exe
e:\temporary\实验三\mydraw\x64\debug\draw.ilk
e:\temporary\实验三\mydraw\x64\debug\draw.exe
c:\users\administrator\desktop\鼠标操作 窗口\draw\x64\debug\draw.res
e:\temporary\实验三\mydraw\draw\x64\debug\draw.res
e:\temporary\实验三\mydraw\draw\x64\debug\draw.tlog\cl.command.1.tlog
e:\temporary\实验三\mydraw\draw\x64\debug\draw.tlog\cl.read.1.tlog
e:\temporary\实验三\mydraw\draw\x64\debug\draw.tlog\cl.write.1.tlog
e:\temporary\实验三\mydraw\draw\x64\debug\draw.tlog\link.command.1.tlog
e:\temporary\实验三\mydraw\draw\x64\debug\draw.tlog\link.read.1.tlog
e:\temporary\实验三\mydraw\draw\x64\debug\draw.tlog\link.write.1.tlog
e:\temporary\实验三\mydraw\draw\x64\debug\draw.tlog\rc.command.1.tlog
e:\temporary\实验三\mydraw\draw\x64\debug\draw.tlog\rc.read.1.tlog
e:\temporary\实验三\mydraw\draw\x64\debug\draw.tlog\rc.write.1.tlog
